<?xml version="1.0" encoding="UTF-8"?>
<!-- Generated by org.testng.reporters.JUnitReportReporter -->
<testsuite hostname="LINDA_JASMINE" failures="0" tests="1" name="testRunner.testRunnerCucumber" time="27.963" errors="0" timestamp="2024-12-14T16:12:15 IST" skipped="0">
  <testcase classname="testRunner.testRunnerCucumber" name="runScenario" time="27.963"/>
  <system-out/>
</testsuite> <!-- testRunner.testRunnerCucumber -->
