<?xml version="1.0" encoding="UTF-8"?>
<!-- Generated by org.testng.reporters.JUnitReportReporter -->
<testsuite hostname="LINDA_JASMINE" failures="0" tests="1" name="testRunner.testRunnerCucumber" time="22.207" errors="0" timestamp="14 Dec 2024 10:47:02 GMT" skipped="0">
  <testcase classname="testRunner.testRunnerCucumber" name="runScenario" time="22.207"/>
</testsuite> <!-- testRunner.testRunnerCucumber -->
